<?xml version="1.0" encoding="UTF-8"?>
<!-- Generated by org.testng.reporters.JUnitReportReporter -->
<testsuite hostname="Manoj-007" failures="0" tests="1" name="TestNG.PracticeNG" time="0.016" errors="0" timestamp="2024-04-08T13:31:00 IST" skipped="0">
  <testcase classname="TestNG.PracticeNG" name="execute_Again" time="0.016"/>
  <system-out/>
</testsuite> <!-- TestNG.PracticeNG -->
