<?xml version="1.0" encoding="UTF-8"?>
<!-- Generated by org.testng.reporters.JUnitReportReporter -->
<testsuite hostname="Manoj-007" failures="0" tests="1" name="Admin.CreateCustomerScriptTest" time="17.362" errors="0" timestamp="2024-04-12T12:40:27 IST" skipped="0">
  <testcase classname="Admin.CreateCustomerScriptTest" name="script" time="17.362"/>
  <system-out/>
</testsuite> <!-- Admin.CreateCustomerScriptTest -->
