<?xml version="1.0" encoding="UTF-8"?>
<!-- Generated by org.testng.reporters.JUnitReportReporter -->
<testsuite hostname="Manoj-007" failures="0" tests="1" name="Assignment.YouTubeTest" time="19.913" errors="0" timestamp="2024-04-12T09:22:03 IST" skipped="0">
  <testcase classname="Assignment.YouTubeTest" name="question6" time="19.913"/>
  <system-out/>
</testsuite> <!-- Assignment.YouTubeTest -->
