<?xml version="1.0" encoding="UTF-8"?>
<!-- Generated by org.testng.reporters.JUnitReportReporter -->
<testsuite hostname="Manoj-007" failures="0" tests="1" name="com.parctice.TestingCmdTest" time="0.016" errors="0" timestamp="2024-03-28T17:41:46 IST" skipped="0">
  <testcase classname="com.parctice.TestingCmdTest" name="readData1" time="0.016"/>
  <system-out/>
</testsuite> <!-- com.parctice.TestingCmdTest -->
