<?xml version="1.0" encoding="UTF-8"?>
<!-- Generated by org.testng.reporters.JUnitReportReporter -->
<testsuite hostname="Manoj-007" failures="0" tests="1" name="Assignment.ShopTest" time="33.186" errors="0" timestamp="2024-04-11T23:21:36 IST" skipped="0">
  <testcase classname="Assignment.ShopTest" name="question3" time="33.186"/>
  <system-out/>
</testsuite> <!-- Assignment.ShopTest -->
