<?xml version="1.0" encoding="UTF-8"?>
<!-- Generated by org.testng.reporters.JUnitReportReporter -->
<testsuite hostname="Manoj-007" failures="0" tests="2" name="TestNG.LoginScript" time="8.163" errors="0" timestamp="2024-04-08T10:18:58 IST" skipped="0">
  <testcase classname="TestNG.LoginScript" name="getcred" time="5.107"/>
  <system-out/>
  <testcase classname="TestNG.LoginScript" name="getcred" time="3.056"/>
  <system-out/>
</testsuite> <!-- TestNG.LoginScript -->
