<?xml version="1.0" encoding="UTF-8"?>
<!-- Generated by org.testng.reporters.JUnitReportReporter -->
<testsuite hostname="Manoj-007" failures="0" tests="2" name="Assertion.SoftAssertTest" time="6.181" errors="0" timestamp="2024-04-12T12:13:35 IST" skipped="0">
  <testcase classname="Assertion.SoftAssertTest" name="Script1" time="3.584"/>
  <system-out/>
  <testcase classname="Assertion.SoftAssertTest" name="Script2" time="2.597"/>
  <system-out/>
</testsuite> <!-- Assertion.SoftAssertTest -->
