<?xml version="1.0" encoding="UTF-8"?>
<!-- Generated by org.testng.reporters.JUnitReportReporter -->
<testsuite hostname="Manoj-007" failures="0" tests="3" name="TestNG.ReadFromExcel" time="0.017" errors="0" timestamp="2024-04-08T11:01:55 IST" skipped="0">
  <testcase classname="TestNG.ReadFromExcel" name="getDataFromExcel" time="0.005"/>
  <system-out/>
  <testcase classname="TestNG.ReadFromExcel" name="getDataFromExcel" time="0.010"/>
  <system-out/>
  <testcase classname="TestNG.ReadFromExcel" name="getDataFromExcel" time="0.002"/>
  <system-out/>
</testsuite> <!-- TestNG.ReadFromExcel -->
