<?xml version="1.0" encoding="UTF-8"?>
<!-- Generated by org.testng.reporters.JUnitReportReporter -->
<testsuite hostname="Manoj-007" failures="0" tests="1" name="Admin.CreateSupplierScriptTest" time="10.839" errors="0" timestamp="2024-04-12T12:40:27 IST" skipped="0">
  <testcase classname="Admin.CreateSupplierScriptTest" name="script" time="10.839"/>
  <system-out/>
</testsuite> <!-- Admin.CreateSupplierScriptTest -->
