<?xml version="1.0" encoding="UTF-8"?>
<!-- Generated by org.testng.reporters.JUnitReportReporter -->
<testsuite hostname="Manoj-007" failures="0" tests="3" name="TestNG.FirstTest" time="0.026" errors="0" timestamp="2024-04-05T18:03:26 IST" skipped="0">
  <testcase classname="TestNG.FirstTest" name="getData" time="0.012"/>
  <system-out/>
  <testcase classname="TestNG.FirstTest" name="getData" time="0.012"/>
  <system-out/>
  <testcase classname="TestNG.FirstTest" name="getData" time="0.002"/>
  <system-out/>
</testsuite> <!-- TestNG.FirstTest -->
