<?xml version="1.0" encoding="UTF-8"?>
<!-- Generated by org.testng.reporters.JUnitReportReporter -->
<testsuite hostname="Manoj-007" failures="0" tests="1" name="Admin.ViewTransactionDetailsTest" time="23.125" errors="0" timestamp="2024-04-05T12:21:28 IST" skipped="0">
  <testcase classname="Admin.ViewTransactionDetailsTest" name="script" time="23.125"/>
  <system-out/>
</testsuite> <!-- Admin.ViewTransactionDetailsTest -->
