<?xml version="1.0" encoding="UTF-8"?>
<!-- Generated by org.testng.reporters.JUnitReportReporter -->
<testsuite hostname="Manoj-007" failures="0" tests="3" name="TestNG.GetDataTest" time="0.036" errors="0" timestamp="2024-04-08T09:43:08 IST" skipped="0">
  <testcase classname="TestNG.GetDataTest" name="getData" time="0.012"/>
  <system-out/>
  <testcase classname="TestNG.GetDataTest" name="getData" time="0.014"/>
  <system-out/>
  <testcase classname="TestNG.GetDataTest" name="getData" time="0.010"/>
  <system-out/>
</testsuite> <!-- TestNG.GetDataTest -->
