<?xml version="1.0" encoding="UTF-8"?>
<!-- Generated by org.testng.reporters.JUnitReportReporter -->
<testsuite hostname="Manoj-007" failures="0" tests="1" name="TestNG.TestScript" time="16.036" errors="0" timestamp="2024-04-08T17:42:34 IST" skipped="0">
  <testcase classname="TestNG.TestScript" name="Script" time="16.036"/>
  <system-out/>
</testsuite> <!-- TestNG.TestScript -->
