<?xml version="1.0" encoding="UTF-8"?>
<!-- Generated by org.testng.reporters.JUnitReportReporter -->
<testsuite hostname="Manoj-007" failures="0" tests="1" name="Assignment.ReadDataStoreTest" time="21.833" errors="0" timestamp="2024-04-11T23:34:17 IST" skipped="0">
  <testcase classname="Assignment.ReadDataStoreTest" name="question8" time="21.833"/>
  <system-out/>
</testsuite> <!-- Assignment.ReadDataStoreTest -->
