<?xml version="1.0" encoding="UTF-8"?>
<!-- Generated by org.testng.reporters.JUnitReportReporter -->
<testsuite hostname="Manoj-007" failures="0" tests="1" name="Assignment.UserNameAndPassTest" time="17.350" errors="0" timestamp="2024-04-12T09:27:36 IST" skipped="0">
  <testcase classname="Assignment.UserNameAndPassTest" name="question9" time="17.350"/>
  <system-out/>
</testsuite> <!-- Assignment.UserNameAndPassTest -->
