<?xml version="1.0" encoding="UTF-8"?>
<!-- Generated by org.testng.reporters.JUnitReportReporter -->
<testsuite hostname="Manoj-007" failures="0" tests="1" name="com.parctice.WriteDataUsingCmdTest" time="7.635" errors="0" timestamp="2024-03-28T17:49:13 IST" skipped="0">
  <testcase classname="com.parctice.WriteDataUsingCmdTest" name="writeData" time="7.635"/>
  <system-out/>
</testsuite> <!-- com.parctice.WriteDataUsingCmdTest -->
