<?xml version="1.0" encoding="UTF-8"?>
<!-- Generated by org.testng.reporters.JUnitReportReporter -->
<testsuite hostname="Manoj-007" failures="0" tests="1" name="Assignment.SelectAllProductsTest" time="41.709" errors="0" timestamp="2024-04-12T09:20:10 IST" skipped="0">
  <testcase classname="Assignment.SelectAllProductsTest" name="Question2" time="41.709"/>
  <system-out/>
</testsuite> <!-- Assignment.SelectAllProductsTest -->
