<?xml version="1.0" encoding="UTF-8"?>
<!-- Generated by org.testng.reporters.JUnitReportReporter -->
<testsuite hostname="Manoj-007" failures="0" tests="1" name="User.TransactionScriptTest" time="15.276" errors="0" timestamp="2024-04-05T11:21:11 IST" skipped="0">
  <testcase classname="User.TransactionScriptTest" name="script" time="15.276"/>
  <system-out/>
</testsuite> <!-- User.TransactionScriptTest -->
