<?xml version="1.0" encoding="UTF-8"?>
<!-- Generated by org.testng.reporters.JUnitReportReporter -->
<testsuite hostname="Manoj-007" failures="0" tests="1" name="Assignment.MyntraTest" time="36.301" errors="0" timestamp="2024-04-12T09:24:54 IST" skipped="0">
  <testcase classname="Assignment.MyntraTest" name="question10" time="36.301"/>
  <system-out/>
</testsuite> <!-- Assignment.MyntraTest -->
