<?xml version="1.0" encoding="UTF-8"?>
<!-- Generated by org.testng.reporters.JUnitReportReporter -->
<testsuite hostname="Manoj-007" failures="0" tests="1" name="Admin.CreateProductScriptTest" time="12.294" errors="0" timestamp="2024-04-12T12:40:27 IST" skipped="0">
  <testcase classname="Admin.CreateProductScriptTest" name="script" time="12.294"/>
  <system-out/>
</testsuite> <!-- Admin.CreateProductScriptTest -->
