<?xml version="1.0" encoding="UTF-8"?>
<!-- Generated by org.testng.reporters.JUnitReportReporter -->
<testsuite hostname="Manoj-007" failures="0" tests="1" name="com.parctice.ProKabbadiTest" time="16.041" errors="0" timestamp="2024-04-03T20:56:59 IST" skipped="0">
  <testcase classname="com.parctice.ProKabbadiTest" name="script" time="16.041"/>
  <system-out/>
</testsuite> <!-- com.parctice.ProKabbadiTest -->
