<?xml version="1.0" encoding="UTF-8"?>
<!-- Generated by org.testng.reporters.JUnitReportReporter -->
<testsuite hostname="Manoj-007" failures="0" tests="1" name="Assignment.CloseWindowTest" time="7.154" errors="0" timestamp="2024-04-11T22:56:26 IST" skipped="0">
  <testcase classname="Assignment.CloseWindowTest" name="Script1" time="7.154"/>
  <system-out/>
</testsuite> <!-- Assignment.CloseWindowTest -->
